0 info it worked if it ends with ok
1 verbose cli [ '/usr/local/bin/node',
1 verbose cli   '/usr/local/bin/npm',
1 verbose cli   'install',
1 verbose cli   '-g',
1 verbose cli   'bower' ]
2 info using npm@3.3.5
3 info using node@v5.0.0-pre
4 silly loadCurrentTree Starting
5 silly install loadCurrentTree
6 silly install readGlobalPackageData
7 silly fetchPackageMetaData bower
8 silly fetchNamedPackageData bower
9 silly mapToRegistry name bower
10 silly mapToRegistry using default registry
11 silly mapToRegistry registry https://registry.npmjs.org/
12 silly mapToRegistry uri https://registry.npmjs.org/bower
13 verbose request uri https://registry.npmjs.org/bower
14 verbose request no auth needed
15 info attempt registry request try #1 at 16:37:05
16 verbose request id 2fceb58c7aac8638
17 verbose etag "6E7E0KPZ2W1PF1SAUZLC9CQGC"
18 http request GET https://registry.npmjs.org/bower
19 http 200 https://registry.npmjs.org/bower
20 verbose headers { server: 'CouchDB/1.5.0 (Erlang OTP/R16B03)',
20 verbose headers   etag: '"C8T77HIEKTFUSFXCPJX2M2CYS"',
20 verbose headers   'content-type': 'application/json',
20 verbose headers   'content-encoding': 'gzip',
20 verbose headers   'cache-control': 'max-age=300',
20 verbose headers   'content-length': '20489',
20 verbose headers   'accept-ranges': 'bytes',
20 verbose headers   date: 'Fri, 24 Jun 2016 13:37:07 GMT',
20 verbose headers   via: '1.1 varnish',
20 verbose headers   age: '285',
20 verbose headers   connection: 'keep-alive',
20 verbose headers   'x-served-by': 'cache-lcy1131-LCY',
20 verbose headers   'x-cache': 'HIT',
20 verbose headers   'x-cache-hits': '7',
20 verbose headers   'x-timer': 'S1466775427.713855,VS0,VE0',
20 verbose headers   vary: 'Accept-Encoding' }
21 silly get cb [ 200,
21 silly get   { server: 'CouchDB/1.5.0 (Erlang OTP/R16B03)',
21 silly get     etag: '"C8T77HIEKTFUSFXCPJX2M2CYS"',
21 silly get     'content-type': 'application/json',
21 silly get     'content-encoding': 'gzip',
21 silly get     'cache-control': 'max-age=300',
21 silly get     'content-length': '20489',
21 silly get     'accept-ranges': 'bytes',
21 silly get     date: 'Fri, 24 Jun 2016 13:37:07 GMT',
21 silly get     via: '1.1 varnish',
21 silly get     age: '285',
21 silly get     connection: 'keep-alive',
21 silly get     'x-served-by': 'cache-lcy1131-LCY',
21 silly get     'x-cache': 'HIT',
21 silly get     'x-cache-hits': '7',
21 silly get     'x-timer': 'S1466775427.713855,VS0,VE0',
21 silly get     vary: 'Accept-Encoding' } ]
22 verbose get saving bower to /home/joshy/.npm/registry.npmjs.org/bower/.cache.json
23 silly install normalizeTree
24 silly loadCurrentTree Finishing
25 silly loadIdealTree Starting
26 silly install loadIdealTree
27 silly cloneCurrentTree Starting
28 silly install cloneCurrentTreeToIdealTree
29 silly cloneCurrentTree Finishing
30 silly loadShrinkwrap Starting
31 silly install loadShrinkwrap
32 silly loadShrinkwrap Finishing
33 silly loadAllDepsIntoIdealTree Starting
34 silly install loadAllDepsIntoIdealTree
35 warn engine bower@1.7.9: wanted: {"node":">=0.10.0"} (current: {"node":"5.0.0-pre","npm":"3.3.5"})
36 silly resolveWithNewModule bower@1.7.9 checking installable status
37 warn engine bower@1.7.9: wanted: {"node":">=0.10.0"} (current: {"node":"5.0.0-pre","npm":"3.3.5"})
38 silly cache add args [ 'bower', null ]
39 verbose cache add spec bower
40 silly cache add parsed spec Result {
40 silly cache add   raw: 'bower',
40 silly cache add   scope: null,
40 silly cache add   name: 'bower',
40 silly cache add   rawSpec: '',
40 silly cache add   spec: '*',
40 silly cache add   type: 'range' }
41 silly addNamed bower@*
42 verbose addNamed "*" is a valid semver range for bower
43 silly addNameRange { name: 'bower', range: '*', hasData: false }
44 silly mapToRegistry name bower
45 silly mapToRegistry using default registry
46 silly mapToRegistry registry https://registry.npmjs.org/
47 silly mapToRegistry uri https://registry.npmjs.org/bower
48 verbose addNameRange registry:https://registry.npmjs.org/bower not in flight; fetching
49 verbose get https://registry.npmjs.org/bower not expired, no request
50 silly addNameRange number 2 { name: 'bower', range: '*', hasData: true }
51 silly addNameRange versions [ 'bower',
51 silly addNameRange   [ '0.1.0',
51 silly addNameRange     '0.1.2',
51 silly addNameRange     '0.1.3',
51 silly addNameRange     '0.2.0',
51 silly addNameRange     '0.3.0',
51 silly addNameRange     '0.3.1',
51 silly addNameRange     '0.3.2',
51 silly addNameRange     '0.4.0',
51 silly addNameRange     '0.5.0',
51 silly addNameRange     '0.5.1',
51 silly addNameRange     '0.6.0',
51 silly addNameRange     '0.6.1',
51 silly addNameRange     '0.6.2',
51 silly addNameRange     '0.6.3',
51 silly addNameRange     '0.6.4',
51 silly addNameRange     '0.6.5',
51 silly addNameRange     '0.6.6',
51 silly addNameRange     '0.6.7',
51 silly addNameRange     '0.6.8',
51 silly addNameRange     '0.7.0',
51 silly addNameRange     '0.7.1',
51 silly addNameRange     '0.8.0',
51 silly addNameRange     '0.8.1',
51 silly addNameRange     '0.8.2',
51 silly addNameRange     '0.8.3',
51 silly addNameRange     '0.8.4',
51 silly addNameRange     '0.8.5',
51 silly addNameRange     '0.8.6',
51 silly addNameRange     '0.9.0',
51 silly addNameRange     '0.9.1',
51 silly addNameRange     '0.9.2',
51 silly addNameRange     '0.10.0',
51 silly addNameRange     '1.0.0',
51 silly addNameRange     '1.0.1',
51 silly addNameRange     '1.0.2',
51 silly addNameRange     '1.0.3',
51 silly addNameRange     '1.1.0',
51 silly addNameRange     '1.1.1',
51 silly addNameRange     '1.1.2',
51 silly addNameRange     '1.2.0',
51 silly addNameRange     '1.2.1',
51 silly addNameRange     '1.2.2',
51 silly addNameRange     '1.2.3',
51 silly addNameRange     '1.2.4',
51 silly addNameRange     '1.2.5',
51 silly addNameRange     '1.2.6',
51 silly addNameRange     '1.2.7',
51 silly addNameRange     '1.2.8',
51 silly addNameRange     '1.3.0',
51 silly addNameRange     '1.3.1',
51 silly addNameRange     '1.3.2',
51 silly addNameRange     '1.3.3',
51 silly addNameRange     '1.3.4',
51 silly addNameRange     '1.3.5',
51 silly addNameRange     '1.3.6',
51 silly addNameRange     '1.3.7',
51 silly addNameRange     '1.3.8',
51 silly addNameRange     '1.3.9',
51 silly addNameRange     '1.3.10',
51 silly addNameRange     '1.3.11',
51 silly addNameRange     '1.3.12',
51 silly addNameRange     '1.4.0',
51 silly addNameRange     '1.4.1',
51 silly addNameRange     '1.5.0',
51 silly addNameRange     '1.5.1',
51 silly addNameRange     '1.5.2',
51 silly addNameRange     '1.5.3',
51 silly addNameRange     '1.6.2',
51 silly addNameRange     '1.6.3',
51 silly addNameRange     '1.6.4',
51 silly addNameRange     '1.6.5',
51 silly addNameRange     '1.5.4',
51 silly addNameRange     '1.4.2',
51 silly addNameRange     '1.6.6',
51 silly addNameRange     '1.6.7',
51 silly addNameRange     '1.6.8',
51 silly addNameRange     '1.6.9',
51 silly addNameRange     '1.7.0',
51 silly addNameRange     '1.7.1',
51 silly addNameRange     '1.7.2',
51 silly addNameRange     '1.7.5',
51 silly addNameRange     '1.7.6',
51 silly addNameRange     '1.7.7',
51 silly addNameRange     '1.7.8',
51 silly addNameRange     '1.7.9' ] ]
52 silly addNamed bower@1.7.9
53 verbose addNamed "1.7.9" is a plain semver version for bower
54 silly cache afterAdd bower@1.7.9
55 verbose afterAdd /home/joshy/.npm/bower/1.7.9/package/package.json not in flight; writing
56 verbose afterAdd /home/joshy/.npm/bower/1.7.9/package/package.json written
57 silly loadAllDepsIntoIdealTree Finishing
58 silly idealTree:prePrune /usr/local/lib
58 silly idealTree:prePrune └── bower@1.7.9
59 silly loadIdealTree Finishing
60 silly currentTree /usr/local/lib
60 silly currentTree └─┬ bower@1.6.5
60 silly currentTree   ├── abbrev@1.0.7
60 silly currentTree   ├── archy@1.0.0
60 silly currentTree   ├─┬ bower-config@1.2.2
60 silly currentTree   │ ├── graceful-fs@4.1.2
60 silly currentTree   │ ├─┬ optimist@0.6.1
60 silly currentTree   │ │ ├── minimist@0.0.10
60 silly currentTree   │ │ └── wordwrap@0.0.3
60 silly currentTree   │ └─┬ osenv@0.1.3
60 silly currentTree   │   ├── os-homedir@1.0.1
60 silly currentTree   │   └── os-tmpdir@1.0.1
60 silly currentTree   ├── bower-endpoint-parser@0.2.2
60 silly currentTree   ├─┬ bower-json@0.4.0
60 silly currentTree   │ ├── deep-extend@0.2.11
60 silly currentTree   │ ├── graceful-fs@2.0.3
60 silly currentTree   │ └── intersect@0.0.3
60 silly currentTree   ├── bower-logger@0.2.2
60 silly currentTree   ├─┬ bower-registry-client@1.0.0
60 silly currentTree   │ ├── async@0.2.10
60 silly currentTree   │ ├── graceful-fs@4.1.2
60 silly currentTree   │ ├── mkdirp@0.3.5
60 silly currentTree   │ └── request-replay@0.2.0
60 silly currentTree   ├─┬ cardinal@0.4.4
60 silly currentTree   │ ├── ansicolors@0.2.1
60 silly currentTree   │ └─┬ redeyed@0.4.4
60 silly currentTree   │   └── esprima@1.0.4
60 silly currentTree   ├─┬ chalk@1.1.1
60 silly currentTree   │ ├── ansi-styles@2.1.0
60 silly currentTree   │ ├── escape-string-regexp@1.0.3
60 silly currentTree   │ ├─┬ has-ansi@2.0.0
60 silly currentTree   │ │ └── ansi-regex@2.0.0
60 silly currentTree   │ ├─┬ strip-ansi@3.0.0
60 silly currentTree   │ │ └── ansi-regex@2.0.0
60 silly currentTree   │ └── supports-color@2.0.0
60 silly currentTree   ├── chmodr@1.0.2
60 silly currentTree   ├─┬ configstore@0.3.2
60 silly currentTree   │ ├─┬ js-yaml@3.4.3
60 silly currentTree   │ │ ├─┬ argparse@1.0.2
60 silly currentTree   │ │ │ ├── lodash@3.10.1
60 silly currentTree   │ │ │ └── sprintf-js@1.0.3
60 silly currentTree   │ │ └── esprima@2.6.0
60 silly currentTree   │ ├── object-assign@2.1.1
60 silly currentTree   │ ├─┬ osenv@0.1.3
60 silly currentTree   │ │ ├── os-homedir@1.0.1
60 silly currentTree   │ │ └── os-tmpdir@1.0.1
60 silly currentTree   │ ├── uuid@2.0.1
60 silly currentTree   │ └── xdg-basedir@1.0.1
60 silly currentTree   ├─┬ decompress-zip@0.1.0
60 silly currentTree   │ ├─┬ binary@0.3.0
60 silly currentTree   │ │ ├── buffers@0.1.1
60 silly currentTree   │ │ └─┬ chainsaw@0.1.0
60 silly currentTree   │ │   └── traverse@0.3.9
60 silly currentTree   │ ├── mkpath@0.1.0
60 silly currentTree   │ ├─┬ readable-stream@1.1.13
60 silly currentTree   │ │ ├── core-util-is@1.0.1
60 silly currentTree   │ │ ├── inherits@2.0.1
60 silly currentTree   │ │ ├── isarray@0.0.1
60 silly currentTree   │ │ └── string_decoder@0.10.31
60 silly currentTree   │ └─┬ touch@0.0.3
60 silly currentTree   │   └── nopt@1.0.10
60 silly currentTree   ├── destroy@1.0.3
60 silly currentTree   ├─┬ fs-write-stream-atomic@1.0.4
60 silly currentTree   │ └── graceful-fs@4.1.2
60 silly currentTree   ├─┬ fstream-ignore@1.0.2
60 silly currentTree   │ ├── inherits@2.0.1
60 silly currentTree   │ └─┬ minimatch@2.0.10
60 silly currentTree   │   └─┬ brace-expansion@1.1.1
60 silly currentTree   │     ├── balanced-match@0.2.0
60 silly currentTree   │     └── concat-map@0.0.1
60 silly currentTree   ├─┬ fstream@1.0.8
60 silly currentTree   │ ├── graceful-fs@4.1.2
60 silly currentTree   │ └── inherits@2.0.1
60 silly currentTree   ├─┬ github@0.2.4
60 silly currentTree   │ └── mime@1.3.4
60 silly currentTree   ├─┬ glob@4.5.3
60 silly currentTree   │ ├─┬ inflight@1.0.4
60 silly currentTree   │ │ └── wrappy@1.0.1
60 silly currentTree   │ ├── inherits@2.0.1
60 silly currentTree   │ ├─┬ minimatch@2.0.10
60 silly currentTree   │ │ └─┬ brace-expansion@1.1.1
60 silly currentTree   │ │   ├── balanced-match@0.2.0
60 silly currentTree   │ │   └── concat-map@0.0.1
60 silly currentTree   │ └─┬ once@1.3.2
60 silly currentTree   │   └── wrappy@1.0.1
60 silly currentTree   ├── graceful-fs@3.0.8
60 silly currentTree   ├─┬ handlebars@2.0.0
60 silly currentTree   │ ├─┬ optimist@0.3.7
60 silly currentTree   │ │ └── wordwrap@0.0.3
60 silly currentTree   │ └─┬ uglify-js@2.3.6
60 silly currentTree   │   ├── async@0.2.10
60 silly currentTree   │   └─┬ source-map@0.1.43
60 silly currentTree   │     └── amdefine@1.0.0
60 silly currentTree   ├─┬ inquirer@0.10.0
60 silly currentTree   │ ├── ansi-escapes@1.1.0
60 silly currentTree   │ ├── ansi-regex@2.0.0
60 silly currentTree   │ ├─┬ cli-cursor@1.0.2
60 silly currentTree   │ │ └─┬ restore-cursor@1.0.1
60 silly currentTree   │ │   ├── exit-hook@1.1.1
60 silly currentTree   │ │   └── onetime@1.0.0
60 silly currentTree   │ ├── cli-width@1.0.1
60 silly currentTree   │ ├── figures@1.4.0
60 silly currentTree   │ ├── lodash@3.10.1
60 silly currentTree   │ ├─┬ readline2@1.0.1
60 silly currentTree   │ │ ├─┬ code-point-at@1.0.0
60 silly currentTree   │ │ │ └── number-is-nan@1.0.0
60 silly currentTree   │ │ ├─┬ is-fullwidth-code-point@1.0.0
60 silly currentTree   │ │ │ └── number-is-nan@1.0.0
60 silly currentTree   │ │ └── mute-stream@0.0.5
60 silly currentTree   │ ├─┬ run-async@0.1.0
60 silly currentTree   │ │ └─┬ once@1.3.2
60 silly currentTree   │ │   └── wrappy@1.0.1
60 silly currentTree   │ ├── rx-lite@3.1.2
60 silly currentTree   │ ├── strip-ansi@3.0.0
60 silly currentTree   │ └── through@2.3.8
60 silly currentTree   ├─┬ insight@0.7.0
60 silly currentTree   │ ├── async@1.4.2
60 silly currentTree   │ ├─┬ configstore@1.2.1
60 silly currentTree   │ │ ├── graceful-fs@4.1.2
60 silly currentTree   │ │ ├── object-assign@3.0.0
60 silly currentTree   │ │ ├── os-tmpdir@1.0.1
60 silly currentTree   │ │ ├─┬ osenv@0.1.3
60 silly currentTree   │ │ │ └── os-homedir@1.0.1
60 silly currentTree   │ │ ├── uuid@2.0.1
60 silly currentTree   │ │ ├─┬ write-file-atomic@1.1.3
60 silly currentTree   │ │ │ └── slide@1.1.6
60 silly currentTree   │ │ └─┬ xdg-basedir@2.0.0
60 silly currentTree   │ │   └── os-homedir@1.0.1
60 silly currentTree   │ ├─┬ lodash.debounce@3.1.1
60 silly currentTree   │ │ └── lodash._getnative@3.9.1
60 silly currentTree   │ ├── object-assign@4.0.1
60 silly currentTree   │ ├─┬ os-name@1.0.3
60 silly currentTree   │ │ ├─┬ osx-release@1.1.0
60 silly currentTree   │ │ │ └── minimist@1.2.0
60 silly currentTree   │ │ └─┬ win-release@1.1.1
60 silly currentTree   │ │   └── semver@5.0.3
60 silly currentTree   │ └── tough-cookie@2.2.0
60 silly currentTree   ├── is-root@1.0.0
60 silly currentTree   ├── junk@1.0.2
60 silly currentTree   ├── lockfile@1.0.1
60 silly currentTree   ├── lru-cache@2.7.0
60 silly currentTree   ├─┬ md5-hex@1.1.0
60 silly currentTree   │ └── md5-o-matic@0.1.1
60 silly currentTree   ├─┬ mkdirp@0.5.0
60 silly currentTree   │ └── minimist@0.0.8
60 silly currentTree   ├── mout@0.11.0
60 silly currentTree   ├── nopt@3.0.4
60 silly currentTree   ├── opn@1.0.2
60 silly currentTree   ├─┬ p-throttler@0.1.1
60 silly currentTree   │ └── q@0.9.7
60 silly currentTree   ├─┬ promptly@0.2.0
60 silly currentTree   │ └─┬ read@1.0.7
60 silly currentTree   │   └── mute-stream@0.0.5
60 silly currentTree   ├── q@1.4.1
60 silly currentTree   ├─┬ request-progress@0.3.1
60 silly currentTree   │ └── throttleit@0.0.2
60 silly currentTree   ├─┬ request@2.53.0
60 silly currentTree   │ ├── aws-sign2@0.5.0
60 silly currentTree   │ ├─┬ bl@0.9.4
60 silly currentTree   │ │ └─┬ readable-stream@1.0.33
60 silly currentTree   │ │   ├── core-util-is@1.0.1
60 silly currentTree   │ │   ├── inherits@2.0.1
60 silly currentTree   │ │   ├── isarray@0.0.1
60 silly currentTree   │ │   └── string_decoder@0.10.31
60 silly currentTree   │ ├── caseless@0.9.0
60 silly currentTree   │ ├─┬ combined-stream@0.0.7
60 silly currentTree   │ │ └── delayed-stream@0.0.5
60 silly currentTree   │ ├── forever-agent@0.5.2
60 silly currentTree   │ ├─┬ form-data@0.2.0
60 silly currentTree   │ │ └── async@0.9.2
60 silly currentTree   │ ├─┬ hawk@2.3.1
60 silly currentTree   │ │ ├── boom@2.9.0
60 silly currentTree   │ │ ├── cryptiles@2.0.5
60 silly currentTree   │ │ ├── hoek@2.16.3
60 silly currentTree   │ │ └── sntp@1.0.9
60 silly currentTree   │ ├─┬ http-signature@0.10.1
60 silly currentTree   │ │ ├── asn1@0.1.11
60 silly currentTree   │ │ ├── assert-plus@0.1.5
60 silly currentTree   │ │ └── ctype@0.5.3
60 silly currentTree   │ ├── isstream@0.1.2
60 silly currentTree   │ ├── json-stringify-safe@5.0.1
60 silly currentTree   │ ├─┬ mime-types@2.0.14
60 silly currentTree   │ │ └── mime-db@1.12.0
60 silly currentTree   │ ├── node-uuid@1.4.3
60 silly currentTree   │ ├── oauth-sign@0.6.0
60 silly currentTree   │ ├── qs@2.3.3
60 silly currentTree   │ ├── stringstream@0.0.4
60 silly currentTree   │ ├── tough-cookie@2.2.0
60 silly currentTree   │ └── tunnel-agent@0.4.1
60 silly currentTree   ├── retry@0.6.1
60 silly currentTree   ├─┬ rimraf@2.4.3
60 silly currentTree   │ └─┬ glob@5.0.15
60 silly currentTree   │   ├─┬ inflight@1.0.4
60 silly currentTree   │   │ └── wrappy@1.0.1
60 silly currentTree   │   ├── inherits@2.0.1
60 silly currentTree   │   ├─┬ minimatch@3.0.0
60 silly currentTree   │   │ └─┬ brace-expansion@1.1.1
60 silly currentTree   │   │   ├── balanced-match@0.2.0
60 silly currentTree   │   │   └── concat-map@0.0.1
60 silly currentTree   │   ├─┬ once@1.3.2
60 silly currentTree   │   │ └── wrappy@1.0.1
60 silly currentTree   │   └── path-is-absolute@1.0.0
60 silly currentTree   ├── semver@2.3.2
60 silly currentTree   ├─┬ shell-quote@1.4.3
60 silly currentTree   │ ├── array-filter@0.0.1
60 silly currentTree   │ ├── array-map@0.0.0
60 silly currentTree   │ ├── array-reduce@0.0.0
60 silly currentTree   │ └── jsonify@0.0.0
60 silly currentTree   ├── stringify-object@1.0.1
60 silly currentTree   ├─┬ tar-fs@1.8.1
60 silly currentTree   │ ├─┬ pump@1.0.0
60 silly currentTree   │ │ ├── end-of-stream@1.1.0
60 silly currentTree   │ │ └─┬ once@1.3.2
60 silly currentTree   │ │   └── wrappy@1.0.1
60 silly currentTree   │ └─┬ tar-stream@1.2.1
60 silly currentTree   │   ├── bl@1.0.0
60 silly currentTree   │   ├─┬ end-of-stream@1.1.0
60 silly currentTree   │   │ └─┬ once@1.3.2
60 silly currentTree   │   │   └── wrappy@1.0.1
60 silly currentTree   │   ├─┬ readable-stream@2.0.2
60 silly currentTree   │   │ ├── core-util-is@1.0.1
60 silly currentTree   │   │ ├── inherits@2.0.1
60 silly currentTree   │   │ ├── isarray@0.0.1
60 silly currentTree   │   │ ├── process-nextick-args@1.0.3
60 silly currentTree   │   │ ├── string_decoder@0.10.31
60 silly currentTree   │   │ └── util-deprecate@1.0.2
60 silly currentTree   │   └── xtend@4.0.0
60 silly currentTree   ├── tmp@0.0.24
60 silly currentTree   ├─┬ update-notifier@0.3.2
60 silly currentTree   │ ├── is-npm@1.0.0
60 silly currentTree   │ ├─┬ latest-version@1.0.1
60 silly currentTree   │ │ └─┬ package-json@1.2.0
60 silly currentTree   │ │   ├─┬ got@3.3.1
60 silly currentTree   │ │   │ ├─┬ duplexify@3.4.2
60 silly currentTree   │ │   │ │ ├─┬ end-of-stream@1.0.0
60 silly currentTree   │ │   │ │ │ └─┬ once@1.3.2
60 silly currentTree   │ │   │ │ │   └── wrappy@1.0.1
60 silly currentTree   │ │   │ │ └─┬ readable-stream@2.0.2
60 silly currentTree   │ │   │ │   ├── core-util-is@1.0.1
60 silly currentTree   │ │   │ │   ├── inherits@2.0.1
60 silly currentTree   │ │   │ │   ├── isarray@0.0.1
60 silly currentTree   │ │   │ │   ├── process-nextick-args@1.0.3
60 silly currentTree   │ │   │ │   ├── string_decoder@0.10.31
60 silly currentTree   │ │   │ │   └── util-deprecate@1.0.2
60 silly currentTree   │ │   │ ├── infinity-agent@2.0.3
60 silly currentTree   │ │   │ ├── is-redirect@1.0.0
60 silly currentTree   │ │   │ ├── is-stream@1.0.1
60 silly currentTree   │ │   │ ├── lowercase-keys@1.0.0
60 silly currentTree   │ │   │ ├─┬ nested-error-stacks@1.0.1
60 silly currentTree   │ │   │ │ └── inherits@2.0.1
60 silly currentTree   │ │   │ ├── object-assign@3.0.0
60 silly currentTree   │ │   │ ├── prepend-http@1.0.3
60 silly currentTree   │ │   │ ├─┬ read-all-stream@3.0.1
60 silly currentTree   │ │   │ │ ├─┬ pinkie-promise@1.0.0
60 silly currentTree   │ │   │ │ │ └── pinkie@1.0.0
60 silly currentTree   │ │   │ │ └─┬ readable-stream@2.0.2
60 silly currentTree   │ │   │ │   ├── core-util-is@1.0.1
60 silly currentTree   │ │   │ │   ├── inherits@2.0.1
60 silly currentTree   │ │   │ │   ├── isarray@0.0.1
60 silly currentTree   │ │   │ │   ├── process-nextick-args@1.0.3
60 silly currentTree   │ │   │ │   ├── string_decoder@0.10.31
60 silly currentTree   │ │   │ │   └── util-deprecate@1.0.2
60 silly currentTree   │ │   │ └── timed-out@2.0.0
60 silly currentTree   │ │   └─┬ registry-url@3.0.3
60 silly currentTree   │ │     └─┬ rc@1.1.2
60 silly currentTree   │ │       ├── deep-extend@0.2.11
60 silly currentTree   │ │       ├── ini@1.3.4
60 silly currentTree   │ │       ├── minimist@1.2.0
60 silly currentTree   │ │       └── strip-json-comments@0.1.3
60 silly currentTree   │ ├─┬ semver-diff@2.0.0
60 silly currentTree   │ │ └── semver@4.3.6
60 silly currentTree   │ └─┬ string-length@1.0.1
60 silly currentTree   │   └─┬ strip-ansi@3.0.0
60 silly currentTree   │     └── ansi-regex@2.0.0
60 silly currentTree   ├── user-home@1.1.1
60 silly currentTree   └─┬ which@1.2.0
60 silly currentTree     └─┬ is-absolute@0.1.7
60 silly currentTree       └── is-relative@0.1.3
61 silly idealTree /usr/local/lib
61 silly idealTree └── bower@1.7.9
62 silly generateActionsToTake Starting
63 silly install generateActionsToTake
64 warn checkPermissions Missing write access to /usr/local/lib/node_modules/bower/node_modules/abbrev
65 warn checkPermissions Missing write access to /usr/local/lib/node_modules/bower/node_modules/archy
66 warn checkPermissions Missing write access to /usr/local/lib/node_modules/bower/node_modules/bower-config/node_modules/graceful-fs
67 warn checkPermissions Missing write access to /usr/local/lib/node_modules/bower/node_modules/bower-config/node_modules/optimist/node_modules/minimist
68 warn checkPermissions Missing write access to /usr/local/lib/node_modules/bower/node_modules/bower-config/node_modules/optimist/node_modules/wordwrap
69 warn checkPermissions Missing write access to /usr/local/lib/node_modules/bower/node_modules/bower-config/node_modules/optimist
70 warn checkPermissions Missing write access to /usr/local/lib/node_modules/bower/node_modules/bower-config/node_modules/osenv/node_modules/os-homedir
71 warn checkPermissions Missing write access to /usr/local/lib/node_modules/bower/node_modules/bower-config/node_modules/osenv/node_modules/os-tmpdir
72 warn checkPermissions Missing write access to /usr/local/lib/node_modules/bower/node_modules/bower-config/node_modules/osenv
73 warn checkPermissions Missing write access to /usr/local/lib/node_modules/bower/node_modules/bower-endpoint-parser
74 warn checkPermissions Missing write access to /usr/local/lib/node_modules/bower/node_modules/bower-json/node_modules/deep-extend
75 warn checkPermissions Missing write access to /usr/local/lib/node_modules/bower/node_modules/bower-json/node_modules/graceful-fs
76 warn checkPermissions Missing write access to /usr/local/lib/node_modules/bower/node_modules/bower-json/node_modules/intersect
77 warn checkPermissions Missing write access to /usr/local/lib/node_modules/bower/node_modules/bower-json
78 warn checkPermissions Missing write access to /usr/local/lib/node_modules/bower/node_modules/bower-logger
79 warn checkPermissions Missing write access to /usr/local/lib/node_modules/bower/node_modules/bower-registry-client/node_modules/async
80 warn checkPermissions Missing write access to /usr/local/lib/node_modules/bower/node_modules/bower-registry-client/node_modules/graceful-fs
81 warn checkPermissions Missing write access to /usr/local/lib/node_modules/bower/node_modules/bower-registry-client/node_modules/mkdirp
82 warn checkPermissions Missing write access to /usr/local/lib/node_modules/bower/node_modules/cardinal/node_modules/ansicolors
83 warn checkPermissions Missing write access to /usr/local/lib/node_modules/bower/node_modules/cardinal/node_modules/redeyed/node_modules/esprima
84 warn checkPermissions Missing write access to /usr/local/lib/node_modules/bower/node_modules/cardinal/node_modules/redeyed
85 warn checkPermissions Missing write access to /usr/local/lib/node_modules/bower/node_modules/cardinal
86 warn checkPermissions Missing write access to /usr/local/lib/node_modules/bower/node_modules/chalk/node_modules/ansi-styles
87 warn checkPermissions Missing write access to /usr/local/lib/node_modules/bower/node_modules/chalk/node_modules/escape-string-regexp
88 warn checkPermissions Missing write access to /usr/local/lib/node_modules/bower/node_modules/chalk/node_modules/has-ansi/node_modules/ansi-regex
89 warn checkPermissions Missing write access to /usr/local/lib/node_modules/bower/node_modules/chalk/node_modules/has-ansi
90 warn checkPermissions Missing write access to /usr/local/lib/node_modules/bower/node_modules/chalk/node_modules/strip-ansi/node_modules/ansi-regex
91 warn checkPermissions Missing write access to /usr/local/lib/node_modules/bower/node_modules/chalk/node_modules/strip-ansi
92 warn checkPermissions Missing write access to /usr/local/lib/node_modules/bower/node_modules/chalk/node_modules/supports-color
93 warn checkPermissions Missing write access to /usr/local/lib/node_modules/bower/node_modules/chalk
94 warn checkPermissions Missing write access to /usr/local/lib/node_modules/bower/node_modules/chmodr
95 warn checkPermissions Missing write access to /usr/local/lib/node_modules/bower/node_modules/configstore/node_modules/js-yaml/node_modules/argparse/node_modules/lodash
96 warn checkPermissions Missing write access to /usr/local/lib/node_modules/bower/node_modules/configstore/node_modules/js-yaml/node_modules/argparse/node_modules/sprintf-js
97 warn checkPermissions Missing write access to /usr/local/lib/node_modules/bower/node_modules/configstore/node_modules/js-yaml/node_modules/argparse
98 warn checkPermissions Missing write access to /usr/local/lib/node_modules/bower/node_modules/configstore/node_modules/js-yaml/node_modules/esprima
99 warn checkPermissions Missing write access to /usr/local/lib/node_modules/bower/node_modules/configstore/node_modules/js-yaml
100 warn checkPermissions Missing write access to /usr/local/lib/node_modules/bower/node_modules/configstore/node_modules/object-assign
101 warn checkPermissions Missing write access to /usr/local/lib/node_modules/bower/node_modules/configstore/node_modules/osenv/node_modules/os-homedir
102 warn checkPermissions Missing write access to /usr/local/lib/node_modules/bower/node_modules/configstore/node_modules/osenv/node_modules/os-tmpdir
103 warn checkPermissions Missing write access to /usr/local/lib/node_modules/bower/node_modules/configstore/node_modules/osenv
104 warn checkPermissions Missing write access to /usr/local/lib/node_modules/bower/node_modules/configstore/node_modules/uuid
105 warn checkPermissions Missing write access to /usr/local/lib/node_modules/bower/node_modules/decompress-zip/node_modules/binary/node_modules/buffers
106 warn checkPermissions Missing write access to /usr/local/lib/node_modules/bower/node_modules/decompress-zip/node_modules/binary/node_modules/chainsaw/node_modules/traverse
107 warn checkPermissions Missing write access to /usr/local/lib/node_modules/bower/node_modules/decompress-zip/node_modules/binary/node_modules/chainsaw
108 warn checkPermissions Missing write access to /usr/local/lib/node_modules/bower/node_modules/decompress-zip/node_modules/binary
109 warn checkPermissions Missing write access to /usr/local/lib/node_modules/bower/node_modules/decompress-zip/node_modules/mkpath
110 warn checkPermissions Missing write access to /usr/local/lib/node_modules/bower/node_modules/decompress-zip/node_modules/readable-stream/node_modules/core-util-is
111 warn checkPermissions Missing write access to /usr/local/lib/node_modules/bower/node_modules/decompress-zip/node_modules/readable-stream/node_modules/inherits
112 warn checkPermissions Missing write access to /usr/local/lib/node_modules/bower/node_modules/decompress-zip/node_modules/readable-stream/node_modules/isarray
113 warn checkPermissions Missing write access to /usr/local/lib/node_modules/bower/node_modules/decompress-zip/node_modules/readable-stream/node_modules/string_decoder
114 warn checkPermissions Missing write access to /usr/local/lib/node_modules/bower/node_modules/decompress-zip/node_modules/readable-stream
115 warn checkPermissions Missing write access to /usr/local/lib/node_modules/bower/node_modules/decompress-zip/node_modules/touch/node_modules/nopt
116 warn checkPermissions Missing write access to /usr/local/lib/node_modules/bower/node_modules/decompress-zip/node_modules/touch
117 warn checkPermissions Missing write access to /usr/local/lib/node_modules/bower/node_modules/destroy
118 warn checkPermissions Missing write access to /usr/local/lib/node_modules/bower/node_modules/fs-write-stream-atomic/node_modules/graceful-fs
119 warn checkPermissions Missing write access to /usr/local/lib/node_modules/bower/node_modules/fs-write-stream-atomic
120 warn checkPermissions Missing write access to /usr/local/lib/node_modules/bower/node_modules/fstream-ignore/node_modules/inherits
121 warn checkPermissions Missing write access to /usr/local/lib/node_modules/bower/node_modules/fstream-ignore/node_modules/minimatch/node_modules/brace-expansion/node_modules/balanced-match
122 warn checkPermissions Missing write access to /usr/local/lib/node_modules/bower/node_modules/fstream-ignore/node_modules/minimatch/node_modules/brace-expansion/node_modules/concat-map
123 warn checkPermissions Missing write access to /usr/local/lib/node_modules/bower/node_modules/fstream-ignore/node_modules/minimatch/node_modules/brace-expansion
124 warn checkPermissions Missing write access to /usr/local/lib/node_modules/bower/node_modules/fstream-ignore/node_modules/minimatch
125 warn checkPermissions Missing write access to /usr/local/lib/node_modules/bower/node_modules/fstream/node_modules/graceful-fs
126 warn checkPermissions Missing write access to /usr/local/lib/node_modules/bower/node_modules/fstream/node_modules/inherits
127 warn checkPermissions Missing write access to /usr/local/lib/node_modules/bower/node_modules/github/node_modules/mime
128 warn checkPermissions Missing write access to /usr/local/lib/node_modules/bower/node_modules/github
129 warn checkPermissions Missing write access to /usr/local/lib/node_modules/bower/node_modules/glob/node_modules/inflight/node_modules/wrappy
130 warn checkPermissions Missing write access to /usr/local/lib/node_modules/bower/node_modules/glob/node_modules/inherits
131 warn checkPermissions Missing write access to /usr/local/lib/node_modules/bower/node_modules/glob/node_modules/minimatch/node_modules/brace-expansion/node_modules/balanced-match
132 warn checkPermissions Missing write access to /usr/local/lib/node_modules/bower/node_modules/glob/node_modules/minimatch/node_modules/brace-expansion/node_modules/concat-map
133 warn checkPermissions Missing write access to /usr/local/lib/node_modules/bower/node_modules/glob/node_modules/minimatch/node_modules/brace-expansion
134 warn checkPermissions Missing write access to /usr/local/lib/node_modules/bower/node_modules/glob/node_modules/minimatch
135 warn checkPermissions Missing write access to /usr/local/lib/node_modules/bower/node_modules/glob/node_modules/once/node_modules/wrappy
136 warn checkPermissions Missing write access to /usr/local/lib/node_modules/bower/node_modules/glob/node_modules/once
137 warn checkPermissions Missing write access to /usr/local/lib/node_modules/bower/node_modules/glob/node_modules/inflight
138 warn checkPermissions Missing write access to /usr/local/lib/node_modules/bower/node_modules/glob
139 warn checkPermissions Missing write access to /usr/local/lib/node_modules/bower/node_modules/graceful-fs
140 warn checkPermissions Missing write access to /usr/local/lib/node_modules/bower/node_modules/handlebars/node_modules/optimist/node_modules/wordwrap
141 warn checkPermissions Missing write access to /usr/local/lib/node_modules/bower/node_modules/handlebars/node_modules/optimist
142 warn checkPermissions Missing write access to /usr/local/lib/node_modules/bower/node_modules/handlebars/node_modules/uglify-js/node_modules/async
143 warn checkPermissions Missing write access to /usr/local/lib/node_modules/bower/node_modules/handlebars/node_modules/uglify-js/node_modules/source-map/node_modules/amdefine
144 warn checkPermissions Missing write access to /usr/local/lib/node_modules/bower/node_modules/handlebars/node_modules/uglify-js/node_modules/source-map
145 warn checkPermissions Missing write access to /usr/local/lib/node_modules/bower/node_modules/handlebars/node_modules/uglify-js
146 warn checkPermissions Missing write access to /usr/local/lib/node_modules/bower/node_modules/handlebars
147 warn checkPermissions Missing write access to /usr/local/lib/node_modules/bower/node_modules/inquirer/node_modules/ansi-escapes
148 warn checkPermissions Missing write access to /usr/local/lib/node_modules/bower/node_modules/inquirer/node_modules/ansi-regex
149 warn checkPermissions Missing write access to /usr/local/lib/node_modules/bower/node_modules/inquirer/node_modules/cli-cursor/node_modules/restore-cursor/node_modules/exit-hook
150 warn checkPermissions Missing write access to /usr/local/lib/node_modules/bower/node_modules/inquirer/node_modules/cli-cursor/node_modules/restore-cursor/node_modules/onetime
151 warn checkPermissions Missing write access to /usr/local/lib/node_modules/bower/node_modules/inquirer/node_modules/cli-cursor/node_modules/restore-cursor
152 warn checkPermissions Missing write access to /usr/local/lib/node_modules/bower/node_modules/inquirer/node_modules/cli-cursor
153 warn checkPermissions Missing write access to /usr/local/lib/node_modules/bower/node_modules/inquirer/node_modules/cli-width
154 warn checkPermissions Missing write access to /usr/local/lib/node_modules/bower/node_modules/inquirer/node_modules/figures
155 warn checkPermissions Missing write access to /usr/local/lib/node_modules/bower/node_modules/inquirer/node_modules/lodash
156 warn checkPermissions Missing write access to /usr/local/lib/node_modules/bower/node_modules/inquirer/node_modules/readline2/node_modules/code-point-at/node_modules/number-is-nan
157 warn checkPermissions Missing write access to /usr/local/lib/node_modules/bower/node_modules/inquirer/node_modules/readline2/node_modules/code-point-at
158 warn checkPermissions Missing write access to /usr/local/lib/node_modules/bower/node_modules/inquirer/node_modules/readline2/node_modules/is-fullwidth-code-point/node_modules/number-is-nan
159 warn checkPermissions Missing write access to /usr/local/lib/node_modules/bower/node_modules/inquirer/node_modules/readline2/node_modules/is-fullwidth-code-point
160 warn checkPermissions Missing write access to /usr/local/lib/node_modules/bower/node_modules/inquirer/node_modules/readline2/node_modules/mute-stream
161 warn checkPermissions Missing write access to /usr/local/lib/node_modules/bower/node_modules/inquirer/node_modules/readline2
162 warn checkPermissions Missing write access to /usr/local/lib/node_modules/bower/node_modules/inquirer/node_modules/run-async/node_modules/once/node_modules/wrappy
163 warn checkPermissions Missing write access to /usr/local/lib/node_modules/bower/node_modules/inquirer/node_modules/run-async/node_modules/once
164 warn checkPermissions Missing write access to /usr/local/lib/node_modules/bower/node_modules/inquirer/node_modules/run-async
165 warn checkPermissions Missing write access to /usr/local/lib/node_modules/bower/node_modules/inquirer/node_modules/rx-lite
166 warn checkPermissions Missing write access to /usr/local/lib/node_modules/bower/node_modules/inquirer/node_modules/strip-ansi
167 warn checkPermissions Missing write access to /usr/local/lib/node_modules/bower/node_modules/inquirer/node_modules/through
168 warn checkPermissions Missing write access to /usr/local/lib/node_modules/bower/node_modules/inquirer
169 warn checkPermissions Missing write access to /usr/local/lib/node_modules/bower/node_modules/insight/node_modules/async
170 warn checkPermissions Missing write access to /usr/local/lib/node_modules/bower/node_modules/insight/node_modules/configstore/node_modules/graceful-fs
171 warn checkPermissions Missing write access to /usr/local/lib/node_modules/bower/node_modules/insight/node_modules/configstore/node_modules/object-assign
172 warn checkPermissions Missing write access to /usr/local/lib/node_modules/bower/node_modules/insight/node_modules/configstore/node_modules/os-tmpdir
173 warn checkPermissions Missing write access to /usr/local/lib/node_modules/bower/node_modules/insight/node_modules/configstore/node_modules/osenv/node_modules/os-homedir
174 warn checkPermissions Missing write access to /usr/local/lib/node_modules/bower/node_modules/insight/node_modules/configstore/node_modules/osenv
175 warn checkPermissions Missing write access to /usr/local/lib/node_modules/bower/node_modules/insight/node_modules/configstore/node_modules/uuid
176 warn checkPermissions Missing write access to /usr/local/lib/node_modules/bower/node_modules/insight/node_modules/configstore/node_modules/write-file-atomic/node_modules/slide
177 warn checkPermissions Missing write access to /usr/local/lib/node_modules/bower/node_modules/insight/node_modules/configstore/node_modules/write-file-atomic
178 warn checkPermissions Missing write access to /usr/local/lib/node_modules/bower/node_modules/insight/node_modules/configstore/node_modules/xdg-basedir/node_modules/os-homedir
179 warn checkPermissions Missing write access to /usr/local/lib/node_modules/bower/node_modules/insight/node_modules/configstore/node_modules/xdg-basedir
180 warn checkPermissions Missing write access to /usr/local/lib/node_modules/bower/node_modules/insight/node_modules/lodash.debounce/node_modules/lodash._getnative
181 warn checkPermissions Missing write access to /usr/local/lib/node_modules/bower/node_modules/insight/node_modules/lodash.debounce
182 warn checkPermissions Missing write access to /usr/local/lib/node_modules/bower/node_modules/insight/node_modules/object-assign
183 warn checkPermissions Missing write access to /usr/local/lib/node_modules/bower/node_modules/insight/node_modules/os-name/node_modules/osx-release/node_modules/minimist
184 warn checkPermissions Missing write access to /usr/local/lib/node_modules/bower/node_modules/insight/node_modules/os-name/node_modules/osx-release
185 warn checkPermissions Missing write access to /usr/local/lib/node_modules/bower/node_modules/insight/node_modules/os-name/node_modules/win-release/node_modules/semver
186 warn checkPermissions Missing write access to /usr/local/lib/node_modules/bower/node_modules/insight/node_modules/os-name/node_modules/win-release
187 warn checkPermissions Missing write access to /usr/local/lib/node_modules/bower/node_modules/insight/node_modules/os-name
188 warn checkPermissions Missing write access to /usr/local/lib/node_modules/bower/node_modules/insight/node_modules/tough-cookie
189 warn checkPermissions Missing write access to /usr/local/lib/node_modules/bower/node_modules/is-root
190 warn checkPermissions Missing write access to /usr/local/lib/node_modules/bower/node_modules/junk
191 warn checkPermissions Missing write access to /usr/local/lib/node_modules/bower/node_modules/lockfile
192 warn checkPermissions Missing write access to /usr/local/lib/node_modules/bower/node_modules/lru-cache
193 warn checkPermissions Missing write access to /usr/local/lib/node_modules/bower/node_modules/md5-hex/node_modules/md5-o-matic
194 warn checkPermissions Missing write access to /usr/local/lib/node_modules/bower/node_modules/md5-hex
195 warn checkPermissions Missing write access to /usr/local/lib/node_modules/bower/node_modules/mkdirp/node_modules/minimist
196 warn checkPermissions Missing write access to /usr/local/lib/node_modules/bower/node_modules/mkdirp
197 warn checkPermissions Missing write access to /usr/local/lib/node_modules/bower/node_modules/insight/node_modules/configstore
198 warn checkPermissions Missing write access to /usr/local/lib/node_modules/bower/node_modules/mout
199 warn checkPermissions Missing write access to /usr/local/lib/node_modules/bower/node_modules/bower-config
200 warn checkPermissions Missing write access to /usr/local/lib/node_modules/bower/node_modules/nopt
201 warn checkPermissions Missing write access to /usr/local/lib/node_modules/bower/node_modules/opn
202 warn checkPermissions Missing write access to /usr/local/lib/node_modules/bower/node_modules/p-throttler/node_modules/q
203 warn checkPermissions Missing write access to /usr/local/lib/node_modules/bower/node_modules/p-throttler
204 warn checkPermissions Missing write access to /usr/local/lib/node_modules/bower/node_modules/promptly/node_modules/read/node_modules/mute-stream
205 warn checkPermissions Missing write access to /usr/local/lib/node_modules/bower/node_modules/promptly/node_modules/read
206 warn checkPermissions Missing write access to /usr/local/lib/node_modules/bower/node_modules/promptly
207 warn checkPermissions Missing write access to /usr/local/lib/node_modules/bower/node_modules/q
208 warn checkPermissions Missing write access to /usr/local/lib/node_modules/bower/node_modules/decompress-zip
209 warn checkPermissions Missing write access to /usr/local/lib/node_modules/bower/node_modules/request-progress/node_modules/throttleit
210 warn checkPermissions Missing write access to /usr/local/lib/node_modules/bower/node_modules/request-progress
211 warn checkPermissions Missing write access to /usr/local/lib/node_modules/bower/node_modules/request/node_modules/aws-sign2
212 warn checkPermissions Missing write access to /usr/local/lib/node_modules/bower/node_modules/request/node_modules/bl/node_modules/readable-stream/node_modules/core-util-is
213 warn checkPermissions Missing write access to /usr/local/lib/node_modules/bower/node_modules/request/node_modules/bl/node_modules/readable-stream/node_modules/inherits
214 warn checkPermissions Missing write access to /usr/local/lib/node_modules/bower/node_modules/request/node_modules/bl/node_modules/readable-stream/node_modules/isarray
215 warn checkPermissions Missing write access to /usr/local/lib/node_modules/bower/node_modules/request/node_modules/bl/node_modules/readable-stream/node_modules/string_decoder
216 warn checkPermissions Missing write access to /usr/local/lib/node_modules/bower/node_modules/request/node_modules/bl/node_modules/readable-stream
217 warn checkPermissions Missing write access to /usr/local/lib/node_modules/bower/node_modules/request/node_modules/bl
218 warn checkPermissions Missing write access to /usr/local/lib/node_modules/bower/node_modules/request/node_modules/caseless
219 warn checkPermissions Missing write access to /usr/local/lib/node_modules/bower/node_modules/request/node_modules/combined-stream/node_modules/delayed-stream
220 warn checkPermissions Missing write access to /usr/local/lib/node_modules/bower/node_modules/request/node_modules/combined-stream
221 warn checkPermissions Missing write access to /usr/local/lib/node_modules/bower/node_modules/request/node_modules/forever-agent
222 warn checkPermissions Missing write access to /usr/local/lib/node_modules/bower/node_modules/request/node_modules/form-data/node_modules/async
223 warn checkPermissions Missing write access to /usr/local/lib/node_modules/bower/node_modules/request/node_modules/hawk/node_modules/hoek
224 warn checkPermissions Missing write access to /usr/local/lib/node_modules/bower/node_modules/request/node_modules/hawk/node_modules/boom
225 warn checkPermissions Missing write access to /usr/local/lib/node_modules/bower/node_modules/request/node_modules/hawk/node_modules/cryptiles
226 warn checkPermissions Missing write access to /usr/local/lib/node_modules/bower/node_modules/request/node_modules/hawk/node_modules/sntp
227 warn checkPermissions Missing write access to /usr/local/lib/node_modules/bower/node_modules/request/node_modules/hawk
228 warn checkPermissions Missing write access to /usr/local/lib/node_modules/bower/node_modules/request/node_modules/http-signature/node_modules/asn1
229 warn checkPermissions Missing write access to /usr/local/lib/node_modules/bower/node_modules/request/node_modules/http-signature/node_modules/assert-plus
230 warn checkPermissions Missing write access to /usr/local/lib/node_modules/bower/node_modules/request/node_modules/http-signature/node_modules/ctype
231 warn checkPermissions Missing write access to /usr/local/lib/node_modules/bower/node_modules/request/node_modules/http-signature
232 warn checkPermissions Missing write access to /usr/local/lib/node_modules/bower/node_modules/request/node_modules/isstream
233 warn checkPermissions Missing write access to /usr/local/lib/node_modules/bower/node_modules/request/node_modules/json-stringify-safe
234 warn checkPermissions Missing write access to /usr/local/lib/node_modules/bower/node_modules/request/node_modules/mime-types/node_modules/mime-db
235 warn checkPermissions Missing write access to /usr/local/lib/node_modules/bower/node_modules/request/node_modules/mime-types
236 warn checkPermissions Missing write access to /usr/local/lib/node_modules/bower/node_modules/request/node_modules/form-data
237 warn checkPermissions Missing write access to /usr/local/lib/node_modules/bower/node_modules/request/node_modules/node-uuid
238 warn checkPermissions Missing write access to /usr/local/lib/node_modules/bower/node_modules/request/node_modules/oauth-sign
239 warn checkPermissions Missing write access to /usr/local/lib/node_modules/bower/node_modules/request/node_modules/qs
240 warn checkPermissions Missing write access to /usr/local/lib/node_modules/bower/node_modules/request/node_modules/stringstream
241 warn checkPermissions Missing write access to /usr/local/lib/node_modules/bower/node_modules/request/node_modules/tough-cookie
242 warn checkPermissions Missing write access to /usr/local/lib/node_modules/bower/node_modules/request/node_modules/tunnel-agent
243 warn checkPermissions Missing write access to /usr/local/lib/node_modules/bower/node_modules/request
244 warn checkPermissions Missing write access to /usr/local/lib/node_modules/bower/node_modules/insight
245 warn checkPermissions Missing write access to /usr/local/lib/node_modules/bower/node_modules/retry
246 warn checkPermissions Missing write access to /usr/local/lib/node_modules/bower/node_modules/bower-registry-client/node_modules/request-replay
247 warn checkPermissions Missing write access to /usr/local/lib/node_modules/bower/node_modules/rimraf/node_modules/glob/node_modules/inflight/node_modules/wrappy
248 warn checkPermissions Missing write access to /usr/local/lib/node_modules/bower/node_modules/rimraf/node_modules/glob/node_modules/inherits
249 warn checkPermissions Missing write access to /usr/local/lib/node_modules/bower/node_modules/rimraf/node_modules/glob/node_modules/minimatch/node_modules/brace-expansion/node_modules/balanced-match
250 warn checkPermissions Missing write access to /usr/local/lib/node_modules/bower/node_modules/rimraf/node_modules/glob/node_modules/minimatch/node_modules/brace-expansion/node_modules/concat-map
251 warn checkPermissions Missing write access to /usr/local/lib/node_modules/bower/node_modules/rimraf/node_modules/glob/node_modules/minimatch/node_modules/brace-expansion
252 warn checkPermissions Missing write access to /usr/local/lib/node_modules/bower/node_modules/rimraf/node_modules/glob/node_modules/minimatch
253 warn checkPermissions Missing write access to /usr/local/lib/node_modules/bower/node_modules/rimraf/node_modules/glob/node_modules/once/node_modules/wrappy
254 warn checkPermissions Missing write access to /usr/local/lib/node_modules/bower/node_modules/rimraf/node_modules/glob/node_modules/once
255 warn checkPermissions Missing write access to /usr/local/lib/node_modules/bower/node_modules/rimraf/node_modules/glob/node_modules/inflight
256 warn checkPermissions Missing write access to /usr/local/lib/node_modules/bower/node_modules/rimraf/node_modules/glob/node_modules/path-is-absolute
257 warn checkPermissions Missing write access to /usr/local/lib/node_modules/bower/node_modules/rimraf/node_modules/glob
258 warn checkPermissions Missing write access to /usr/local/lib/node_modules/bower/node_modules/rimraf
259 warn checkPermissions Missing write access to /usr/local/lib/node_modules/bower/node_modules/fstream
260 warn checkPermissions Missing write access to /usr/local/lib/node_modules/bower/node_modules/fstream-ignore
261 warn checkPermissions Missing write access to /usr/local/lib/node_modules/bower/node_modules/bower-registry-client
262 warn checkPermissions Missing write access to /usr/local/lib/node_modules/bower/node_modules/semver
263 warn checkPermissions Missing write access to /usr/local/lib/node_modules/bower/node_modules/shell-quote/node_modules/array-filter
264 warn checkPermissions Missing write access to /usr/local/lib/node_modules/bower/node_modules/shell-quote/node_modules/array-map
265 warn checkPermissions Missing write access to /usr/local/lib/node_modules/bower/node_modules/shell-quote/node_modules/array-reduce
266 warn checkPermissions Missing write access to /usr/local/lib/node_modules/bower/node_modules/shell-quote/node_modules/jsonify
267 warn checkPermissions Missing write access to /usr/local/lib/node_modules/bower/node_modules/shell-quote
268 warn checkPermissions Missing write access to /usr/local/lib/node_modules/bower/node_modules/stringify-object
269 warn checkPermissions Missing write access to /usr/local/lib/node_modules/bower/node_modules/tar-fs/node_modules/pump/node_modules/once/node_modules/wrappy
270 warn checkPermissions Missing write access to /usr/local/lib/node_modules/bower/node_modules/tar-fs/node_modules/pump/node_modules/once
271 warn checkPermissions Missing write access to /usr/local/lib/node_modules/bower/node_modules/tar-fs/node_modules/pump/node_modules/end-of-stream
272 warn checkPermissions Missing write access to /usr/local/lib/node_modules/bower/node_modules/tar-fs/node_modules/pump
273 warn checkPermissions Missing write access to /usr/local/lib/node_modules/bower/node_modules/tar-fs/node_modules/tar-stream/node_modules/end-of-stream/node_modules/once/node_modules/wrappy
274 warn checkPermissions Missing write access to /usr/local/lib/node_modules/bower/node_modules/tar-fs/node_modules/tar-stream/node_modules/end-of-stream/node_modules/once
275 warn checkPermissions Missing write access to /usr/local/lib/node_modules/bower/node_modules/tar-fs/node_modules/tar-stream/node_modules/end-of-stream
276 warn checkPermissions Missing write access to /usr/local/lib/node_modules/bower/node_modules/tar-fs/node_modules/tar-stream/node_modules/readable-stream/node_modules/core-util-is
277 warn checkPermissions Missing write access to /usr/local/lib/node_modules/bower/node_modules/tar-fs/node_modules/tar-stream/node_modules/readable-stream/node_modules/inherits
278 warn checkPermissions Missing write access to /usr/local/lib/node_modules/bower/node_modules/tar-fs/node_modules/tar-stream/node_modules/readable-stream/node_modules/isarray
279 warn checkPermissions Missing write access to /usr/local/lib/node_modules/bower/node_modules/tar-fs/node_modules/tar-stream/node_modules/readable-stream/node_modules/process-nextick-args
280 warn checkPermissions Missing write access to /usr/local/lib/node_modules/bower/node_modules/tar-fs/node_modules/tar-stream/node_modules/readable-stream/node_modules/string_decoder
281 warn checkPermissions Missing write access to /usr/local/lib/node_modules/bower/node_modules/tar-fs/node_modules/tar-stream/node_modules/readable-stream/node_modules/util-deprecate
282 warn checkPermissions Missing write access to /usr/local/lib/node_modules/bower/node_modules/tar-fs/node_modules/tar-stream/node_modules/readable-stream
283 warn checkPermissions Missing write access to /usr/local/lib/node_modules/bower/node_modules/tar-fs/node_modules/tar-stream/node_modules/bl
284 warn checkPermissions Missing write access to /usr/local/lib/node_modules/bower/node_modules/tar-fs/node_modules/tar-stream/node_modules/xtend
285 warn checkPermissions Missing write access to /usr/local/lib/node_modules/bower/node_modules/tar-fs/node_modules/tar-stream
286 warn checkPermissions Missing write access to /usr/local/lib/node_modules/bower/node_modules/tar-fs
287 warn checkPermissions Missing write access to /usr/local/lib/node_modules/bower/node_modules/tmp
288 warn checkPermissions Missing write access to /usr/local/lib/node_modules/bower/node_modules/update-notifier/node_modules/is-npm
289 warn checkPermissions Missing write access to /usr/local/lib/node_modules/bower/node_modules/update-notifier/node_modules/latest-version/node_modules/package-json/node_modules/got/node_modules/duplexify/node_modules/end-of-stream/node_modules/once/node_modules/wrappy
290 warn checkPermissions Missing write access to /usr/local/lib/node_modules/bower/node_modules/update-notifier/node_modules/latest-version/node_modules/package-json/node_modules/got/node_modules/duplexify/node_modules/end-of-stream/node_modules/once
291 warn checkPermissions Missing write access to /usr/local/lib/node_modules/bower/node_modules/update-notifier/node_modules/latest-version/node_modules/package-json/node_modules/got/node_modules/duplexify/node_modules/end-of-stream
292 warn checkPermissions Missing write access to /usr/local/lib/node_modules/bower/node_modules/update-notifier/node_modules/latest-version/node_modules/package-json/node_modules/got/node_modules/duplexify/node_modules/readable-stream/node_modules/core-util-is
293 warn checkPermissions Missing write access to /usr/local/lib/node_modules/bower/node_modules/update-notifier/node_modules/latest-version/node_modules/package-json/node_modules/got/node_modules/duplexify/node_modules/readable-stream/node_modules/inherits
294 warn checkPermissions Missing write access to /usr/local/lib/node_modules/bower/node_modules/update-notifier/node_modules/latest-version/node_modules/package-json/node_modules/got/node_modules/duplexify/node_modules/readable-stream/node_modules/isarray
295 warn checkPermissions Missing write access to /usr/local/lib/node_modules/bower/node_modules/update-notifier/node_modules/latest-version/node_modules/package-json/node_modules/got/node_modules/duplexify/node_modules/readable-stream/node_modules/process-nextick-args
296 warn checkPermissions Missing write access to /usr/local/lib/node_modules/bower/node_modules/update-notifier/node_modules/latest-version/node_modules/package-json/node_modules/got/node_modules/duplexify/node_modules/readable-stream/node_modules/string_decoder
297 warn checkPermissions Missing write access to /usr/local/lib/node_modules/bower/node_modules/update-notifier/node_modules/latest-version/node_modules/package-json/node_modules/got/node_modules/duplexify/node_modules/readable-stream/node_modules/util-deprecate
298 warn checkPermissions Missing write access to /usr/local/lib/node_modules/bower/node_modules/update-notifier/node_modules/latest-version/node_modules/package-json/node_modules/got/node_modules/duplexify/node_modules/readable-stream
299 warn checkPermissions Missing write access to /usr/local/lib/node_modules/bower/node_modules/update-notifier/node_modules/latest-version/node_modules/package-json/node_modules/got/node_modules/duplexify
300 warn checkPermissions Missing write access to /usr/local/lib/node_modules/bower/node_modules/update-notifier/node_modules/latest-version/node_modules/package-json/node_modules/got/node_modules/infinity-agent
301 warn checkPermissions Missing write access to /usr/local/lib/node_modules/bower/node_modules/update-notifier/node_modules/latest-version/node_modules/package-json/node_modules/got/node_modules/is-redirect
302 warn checkPermissions Missing write access to /usr/local/lib/node_modules/bower/node_modules/update-notifier/node_modules/latest-version/node_modules/package-json/node_modules/got/node_modules/is-stream
303 warn checkPermissions Missing write access to /usr/local/lib/node_modules/bower/node_modules/update-notifier/node_modules/latest-version/node_modules/package-json/node_modules/got/node_modules/lowercase-keys
304 warn checkPermissions Missing write access to /usr/local/lib/node_modules/bower/node_modules/update-notifier/node_modules/latest-version/node_modules/package-json/node_modules/got/node_modules/nested-error-stacks/node_modules/inherits
305 warn checkPermissions Missing write access to /usr/local/lib/node_modules/bower/node_modules/update-notifier/node_modules/latest-version/node_modules/package-json/node_modules/got/node_modules/nested-error-stacks
306 warn checkPermissions Missing write access to /usr/local/lib/node_modules/bower/node_modules/update-notifier/node_modules/latest-version/node_modules/package-json/node_modules/got/node_modules/object-assign
307 warn checkPermissions Missing write access to /usr/local/lib/node_modules/bower/node_modules/update-notifier/node_modules/latest-version/node_modules/package-json/node_modules/got/node_modules/prepend-http
308 warn checkPermissions Missing write access to /usr/local/lib/node_modules/bower/node_modules/update-notifier/node_modules/latest-version/node_modules/package-json/node_modules/got/node_modules/read-all-stream/node_modules/pinkie-promise/node_modules/pinkie
309 warn checkPermissions Missing write access to /usr/local/lib/node_modules/bower/node_modules/update-notifier/node_modules/latest-version/node_modules/package-json/node_modules/got/node_modules/read-all-stream/node_modules/pinkie-promise
310 warn checkPermissions Missing write access to /usr/local/lib/node_modules/bower/node_modules/update-notifier/node_modules/latest-version/node_modules/package-json/node_modules/got/node_modules/read-all-stream/node_modules/readable-stream/node_modules/core-util-is
311 warn checkPermissions Missing write access to /usr/local/lib/node_modules/bower/node_modules/update-notifier/node_modules/latest-version/node_modules/package-json/node_modules/got/node_modules/read-all-stream/node_modules/readable-stream/node_modules/inherits
312 warn checkPermissions Missing write access to /usr/local/lib/node_modules/bower/node_modules/update-notifier/node_modules/latest-version/node_modules/package-json/node_modules/got/node_modules/read-all-stream/node_modules/readable-stream/node_modules/isarray
313 warn checkPermissions Missing write access to /usr/local/lib/node_modules/bower/node_modules/update-notifier/node_modules/latest-version/node_modules/package-json/node_modules/got/node_modules/read-all-stream/node_modules/readable-stream/node_modules/process-nextick-args
314 warn checkPermissions Missing write access to /usr/local/lib/node_modules/bower/node_modules/update-notifier/node_modules/latest-version/node_modules/package-json/node_modules/got/node_modules/read-all-stream/node_modules/readable-stream/node_modules/string_decoder
315 warn checkPermissions Missing write access to /usr/local/lib/node_modules/bower/node_modules/update-notifier/node_modules/latest-version/node_modules/package-json/node_modules/got/node_modules/read-all-stream/node_modules/readable-stream/node_modules/util-deprecate
316 warn checkPermissions Missing write access to /usr/local/lib/node_modules/bower/node_modules/update-notifier/node_modules/latest-version/node_modules/package-json/node_modules/got/node_modules/read-all-stream/node_modules/readable-stream
317 warn checkPermissions Missing write access to /usr/local/lib/node_modules/bower/node_modules/update-notifier/node_modules/latest-version/node_modules/package-json/node_modules/got/node_modules/read-all-stream
318 warn checkPermissions Missing write access to /usr/local/lib/node_modules/bower/node_modules/update-notifier/node_modules/latest-version/node_modules/package-json/node_modules/got/node_modules/timed-out
319 warn checkPermissions Missing write access to /usr/local/lib/node_modules/bower/node_modules/update-notifier/node_modules/latest-version/node_modules/package-json/node_modules/got
320 warn checkPermissions Missing write access to /usr/local/lib/node_modules/bower/node_modules/update-notifier/node_modules/latest-version/node_modules/package-json/node_modules/registry-url/node_modules/rc/node_modules/deep-extend
321 warn checkPermissions Missing write access to /usr/local/lib/node_modules/bower/node_modules/update-notifier/node_modules/latest-version/node_modules/package-json/node_modules/registry-url/node_modules/rc/node_modules/ini
322 warn checkPermissions Missing write access to /usr/local/lib/node_modules/bower/node_modules/update-notifier/node_modules/latest-version/node_modules/package-json/node_modules/registry-url/node_modules/rc/node_modules/minimist
323 warn checkPermissions Missing write access to /usr/local/lib/node_modules/bower/node_modules/update-notifier/node_modules/latest-version/node_modules/package-json/node_modules/registry-url/node_modules/rc/node_modules/strip-json-comments
324 warn checkPermissions Missing write access to /usr/local/lib/node_modules/bower/node_modules/update-notifier/node_modules/latest-version/node_modules/package-json/node_modules/registry-url/node_modules/rc
325 warn checkPermissions Missing write access to /usr/local/lib/node_modules/bower/node_modules/update-notifier/node_modules/latest-version/node_modules/package-json/node_modules/registry-url
326 warn checkPermissions Missing write access to /usr/local/lib/node_modules/bower/node_modules/update-notifier/node_modules/latest-version/node_modules/package-json
327 warn checkPermissions Missing write access to /usr/local/lib/node_modules/bower/node_modules/update-notifier/node_modules/latest-version
328 warn checkPermissions Missing write access to /usr/local/lib/node_modules/bower/node_modules/update-notifier/node_modules/semver-diff/node_modules/semver
329 warn checkPermissions Missing write access to /usr/local/lib/node_modules/bower/node_modules/update-notifier/node_modules/semver-diff
330 warn checkPermissions Missing write access to /usr/local/lib/node_modules/bower/node_modules/update-notifier/node_modules/string-length/node_modules/strip-ansi/node_modules/ansi-regex
331 warn checkPermissions Missing write access to /usr/local/lib/node_modules/bower/node_modules/update-notifier/node_modules/string-length/node_modules/strip-ansi
332 warn checkPermissions Missing write access to /usr/local/lib/node_modules/bower/node_modules/update-notifier/node_modules/string-length
333 warn checkPermissions Missing write access to /usr/local/lib/node_modules/bower/node_modules/user-home
334 warn checkPermissions Missing write access to /usr/local/lib/node_modules/bower/node_modules/configstore/node_modules/xdg-basedir
335 warn checkPermissions Missing write access to /usr/local/lib/node_modules/bower/node_modules/configstore
336 warn checkPermissions Missing write access to /usr/local/lib/node_modules/bower/node_modules/update-notifier
337 warn checkPermissions Missing write access to /usr/local/lib/node_modules/bower/node_modules/which/node_modules/is-absolute/node_modules/is-relative
338 warn checkPermissions Missing write access to /usr/local/lib/node_modules/bower/node_modules/which/node_modules/is-absolute
339 warn checkPermissions Missing write access to /usr/local/lib/node_modules/bower/node_modules/which
340 warn checkPermissions Missing write access to /usr/local/lib/node_modules/bower
341 warn checkPermissions Missing write access to /usr/local/lib/node_modules/bower/node_modules
342 warn checkPermissions Missing write access to /usr/local/lib/node_modules/bower/node_modules/bower-config/node_modules
343 warn checkPermissions Missing write access to /usr/local/lib/node_modules/bower/node_modules/bower-config/node_modules/optimist/node_modules
344 warn checkPermissions Missing write access to /usr/local/lib/node_modules/bower/node_modules/bower-config/node_modules/osenv/node_modules
345 warn checkPermissions Missing write access to /usr/local/lib/node_modules/bower/node_modules/bower-json/node_modules
346 warn checkPermissions Missing write access to /usr/local/lib/node_modules/bower/node_modules/bower-registry-client/node_modules
347 warn checkPermissions Missing write access to /usr/local/lib/node_modules/bower/node_modules/cardinal/node_modules
348 warn checkPermissions Missing write access to /usr/local/lib/node_modules/bower/node_modules/cardinal/node_modules/redeyed/node_modules
349 warn checkPermissions Missing write access to /usr/local/lib/node_modules/bower/node_modules/chalk/node_modules
350 warn checkPermissions Missing write access to /usr/local/lib/node_modules/bower/node_modules/chalk/node_modules/has-ansi/node_modules
351 warn checkPermissions Missing write access to /usr/local/lib/node_modules/bower/node_modules/chalk/node_modules/strip-ansi/node_modules
352 warn checkPermissions Missing write access to /usr/local/lib/node_modules/bower/node_modules/configstore/node_modules/js-yaml/node_modules/argparse/node_modules
353 warn checkPermissions Missing write access to /usr/local/lib/node_modules/bower/node_modules/configstore/node_modules/js-yaml/node_modules
354 warn checkPermissions Missing write access to /usr/local/lib/node_modules/bower/node_modules/configstore/node_modules
355 warn checkPermissions Missing write access to /usr/local/lib/node_modules/bower/node_modules/configstore/node_modules/osenv/node_modules
356 warn checkPermissions Missing write access to /usr/local/lib/node_modules/bower/node_modules/decompress-zip/node_modules/binary/node_modules
357 warn checkPermissions Missing write access to /usr/local/lib/node_modules/bower/node_modules/decompress-zip/node_modules/binary/node_modules/chainsaw/node_modules
358 warn checkPermissions Missing write access to /usr/local/lib/node_modules/bower/node_modules/decompress-zip/node_modules
359 warn checkPermissions Missing write access to /usr/local/lib/node_modules/bower/node_modules/decompress-zip/node_modules/readable-stream/node_modules
360 warn checkPermissions Missing write access to /usr/local/lib/node_modules/bower/node_modules/decompress-zip/node_modules/touch/node_modules
361 warn checkPermissions Missing write access to /usr/local/lib/node_modules/bower/node_modules/fs-write-stream-atomic/node_modules
362 warn checkPermissions Missing write access to /usr/local/lib/node_modules/bower/node_modules/fstream-ignore/node_modules
363 warn checkPermissions Missing write access to /usr/local/lib/node_modules/bower/node_modules/fstream-ignore/node_modules/minimatch/node_modules/brace-expansion/node_modules
364 warn checkPermissions Missing write access to /usr/local/lib/node_modules/bower/node_modules/fstream-ignore/node_modules/minimatch/node_modules
365 warn checkPermissions Missing write access to /usr/local/lib/node_modules/bower/node_modules/fstream/node_modules
366 warn checkPermissions Missing write access to /usr/local/lib/node_modules/bower/node_modules/github/node_modules
367 warn checkPermissions Missing write access to /usr/local/lib/node_modules/bower/node_modules/glob/node_modules/inflight/node_modules
368 warn checkPermissions Missing write access to /usr/local/lib/node_modules/bower/node_modules/glob/node_modules
369 warn checkPermissions Missing write access to /usr/local/lib/node_modules/bower/node_modules/glob/node_modules/minimatch/node_modules/brace-expansion/node_modules
370 warn checkPermissions Missing write access to /usr/local/lib/node_modules/bower/node_modules/glob/node_modules/minimatch/node_modules
371 warn checkPermissions Missing write access to /usr/local/lib/node_modules/bower/node_modules/glob/node_modules/once/node_modules
372 warn checkPermissions Missing write access to /usr/local/lib/node_modules/bower/node_modules/handlebars/node_modules/optimist/node_modules
373 warn checkPermissions Missing write access to /usr/local/lib/node_modules/bower/node_modules/handlebars/node_modules
374 warn checkPermissions Missing write access to /usr/local/lib/node_modules/bower/node_modules/handlebars/node_modules/uglify-js/node_modules
375 warn checkPermissions Missing write access to /usr/local/lib/node_modules/bower/node_modules/handlebars/node_modules/uglify-js/node_modules/source-map/node_modules
376 warn checkPermissions Missing write access to /usr/local/lib/node_modules/bower/node_modules/inquirer/node_modules
377 warn checkPermissions Missing write access to /usr/local/lib/node_modules/bower/node_modules/inquirer/node_modules/cli-cursor/node_modules/restore-cursor/node_modules
378 warn checkPermissions Missing write access to /usr/local/lib/node_modules/bower/node_modules/inquirer/node_modules/cli-cursor/node_modules
379 warn checkPermissions Missing write access to /usr/local/lib/node_modules/bower/node_modules/inquirer/node_modules/readline2/node_modules/code-point-at/node_modules
380 warn checkPermissions Missing write access to /usr/local/lib/node_modules/bower/node_modules/inquirer/node_modules/readline2/node_modules
381 warn checkPermissions Missing write access to /usr/local/lib/node_modules/bower/node_modules/inquirer/node_modules/readline2/node_modules/is-fullwidth-code-point/node_modules
382 warn checkPermissions Missing write access to /usr/local/lib/node_modules/bower/node_modules/inquirer/node_modules/run-async/node_modules/once/node_modules
383 warn checkPermissions Missing write access to /usr/local/lib/node_modules/bower/node_modules/inquirer/node_modules/run-async/node_modules
384 warn checkPermissions Missing write access to /usr/local/lib/node_modules/bower/node_modules/insight/node_modules
385 warn checkPermissions Missing write access to /usr/local/lib/node_modules/bower/node_modules/insight/node_modules/configstore/node_modules
386 warn checkPermissions Missing write access to /usr/local/lib/node_modules/bower/node_modules/insight/node_modules/configstore/node_modules/osenv/node_modules
387 warn checkPermissions Missing write access to /usr/local/lib/node_modules/bower/node_modules/insight/node_modules/configstore/node_modules/write-file-atomic/node_modules
388 warn checkPermissions Missing write access to /usr/local/lib/node_modules/bower/node_modules/insight/node_modules/configstore/node_modules/xdg-basedir/node_modules
389 warn checkPermissions Missing write access to /usr/local/lib/node_modules/bower/node_modules/insight/node_modules/lodash.debounce/node_modules
390 warn checkPermissions Missing write access to /usr/local/lib/node_modules/bower/node_modules/insight/node_modules/os-name/node_modules/osx-release/node_modules
391 warn checkPermissions Missing write access to /usr/local/lib/node_modules/bower/node_modules/insight/node_modules/os-name/node_modules
392 warn checkPermissions Missing write access to /usr/local/lib/node_modules/bower/node_modules/insight/node_modules/os-name/node_modules/win-release/node_modules
393 warn checkPermissions Missing write access to /usr/local/lib/node_modules/bower/node_modules/md5-hex/node_modules
394 warn checkPermissions Missing write access to /usr/local/lib/node_modules/bower/node_modules/mkdirp/node_modules
395 warn checkPermissions Missing write access to /usr/local/lib/node_modules/bower/node_modules/p-throttler/node_modules
396 warn checkPermissions Missing write access to /usr/local/lib/node_modules/bower/node_modules/promptly/node_modules/read/node_modules
397 warn checkPermissions Missing write access to /usr/local/lib/node_modules/bower/node_modules/promptly/node_modules
398 warn checkPermissions Missing write access to /usr/local/lib/node_modules/bower/node_modules/request-progress/node_modules
399 warn checkPermissions Missing write access to /usr/local/lib/node_modules/bower/node_modules/request/node_modules
400 warn checkPermissions Missing write access to /usr/local/lib/node_modules/bower/node_modules/request/node_modules/bl/node_modules/readable-stream/node_modules
401 warn checkPermissions Missing write access to /usr/local/lib/node_modules/bower/node_modules/request/node_modules/bl/node_modules
402 warn checkPermissions Missing write access to /usr/local/lib/node_modules/bower/node_modules/request/node_modules/combined-stream/node_modules
403 warn checkPermissions Missing write access to /usr/local/lib/node_modules/bower/node_modules/request/node_modules/form-data/node_modules
404 warn checkPermissions Missing write access to /usr/local/lib/node_modules/bower/node_modules/request/node_modules/hawk/node_modules
405 warn checkPermissions Missing write access to /usr/local/lib/node_modules/bower/node_modules/request/node_modules/http-signature/node_modules
406 warn checkPermissions Missing write access to /usr/local/lib/node_modules/bower/node_modules/request/node_modules/mime-types/node_modules
407 warn checkPermissions Missing write access to /usr/local/lib/node_modules/bower/node_modules/rimraf/node_modules/glob/node_modules/inflight/node_modules
408 warn checkPermissions Missing write access to /usr/local/lib/node_modules/bower/node_modules/rimraf/node_modules/glob/node_modules
409 warn checkPermissions Missing write access to /usr/local/lib/node_modules/bower/node_modules/rimraf/node_modules/glob/node_modules/minimatch/node_modules/brace-expansion/node_modules
410 warn checkPermissions Missing write access to /usr/local/lib/node_modules/bower/node_modules/rimraf/node_modules/glob/node_modules/minimatch/node_modules
411 warn checkPermissions Missing write access to /usr/local/lib/node_modules/bower/node_modules/rimraf/node_modules/glob/node_modules/once/node_modules
412 warn checkPermissions Missing write access to /usr/local/lib/node_modules/bower/node_modules/rimraf/node_modules
413 warn checkPermissions Missing write access to /usr/local/lib/node_modules/bower/node_modules/shell-quote/node_modules
414 warn checkPermissions Missing write access to /usr/local/lib/node_modules/bower/node_modules/tar-fs/node_modules/pump/node_modules/once/node_modules
415 warn checkPermissions Missing write access to /usr/local/lib/node_modules/bower/node_modules/tar-fs/node_modules/pump/node_modules
416 warn checkPermissions Missing write access to /usr/local/lib/node_modules/bower/node_modules/tar-fs/node_modules
417 warn checkPermissions Missing write access to /usr/local/lib/node_modules/bower/node_modules/tar-fs/node_modules/tar-stream/node_modules/end-of-stream/node_modules/once/node_modules
418 warn checkPermissions Missing write access to /usr/local/lib/node_modules/bower/node_modules/tar-fs/node_modules/tar-stream/node_modules/end-of-stream/node_modules
419 warn checkPermissions Missing write access to /usr/local/lib/node_modules/bower/node_modules/tar-fs/node_modules/tar-stream/node_modules
420 warn checkPermissions Missing write access to /usr/local/lib/node_modules/bower/node_modules/tar-fs/node_modules/tar-stream/node_modules/readable-stream/node_modules
421 warn checkPermissions Missing write access to /usr/local/lib/node_modules/bower/node_modules/update-notifier/node_modules
422 warn checkPermissions Missing write access to /usr/local/lib/node_modules/bower/node_modules/update-notifier/node_modules/latest-version/node_modules/package-json/node_modules/got/node_modules/duplexify/node_modules/end-of-stream/node_modules/once/node_modules
423 warn checkPermissions Missing write access to /usr/local/lib/node_modules/bower/node_modules/update-notifier/node_modules/latest-version/node_modules/package-json/node_modules/got/node_modules/duplexify/node_modules/end-of-stream/node_modules
424 warn checkPermissions Missing write access to /usr/local/lib/node_modules/bower/node_modules/update-notifier/node_modules/latest-version/node_modules/package-json/node_modules/got/node_modules/duplexify/node_modules
425 warn checkPermissions Missing write access to /usr/local/lib/node_modules/bower/node_modules/update-notifier/node_modules/latest-version/node_modules/package-json/node_modules/got/node_modules/duplexify/node_modules/readable-stream/node_modules
426 warn checkPermissions Missing write access to /usr/local/lib/node_modules/bower/node_modules/update-notifier/node_modules/latest-version/node_modules/package-json/node_modules/got/node_modules
427 warn checkPermissions Missing write access to /usr/local/lib/node_modules/bower/node_modules/update-notifier/node_modules/latest-version/node_modules/package-json/node_modules/got/node_modules/nested-error-stacks/node_modules
428 warn checkPermissions Missing write access to /usr/local/lib/node_modules/bower/node_modules/update-notifier/node_modules/latest-version/node_modules/package-json/node_modules/got/node_modules/read-all-stream/node_modules/pinkie-promise/node_modules
429 warn checkPermissions Missing write access to /usr/local/lib/node_modules/bower/node_modules/update-notifier/node_modules/latest-version/node_modules/package-json/node_modules/got/node_modules/read-all-stream/node_modules
430 warn checkPermissions Missing write access to /usr/local/lib/node_modules/bower/node_modules/update-notifier/node_modules/latest-version/node_modules/package-json/node_modules/got/node_modules/read-all-stream/node_modules/readable-stream/node_modules
431 warn checkPermissions Missing write access to /usr/local/lib/node_modules/bower/node_modules/update-notifier/node_modules/latest-version/node_modules/package-json/node_modules
432 warn checkPermissions Missing write access to /usr/local/lib/node_modules/bower/node_modules/update-notifier/node_modules/latest-version/node_modules/package-json/node_modules/registry-url/node_modules/rc/node_modules
433 warn checkPermissions Missing write access to /usr/local/lib/node_modules/bower/node_modules/update-notifier/node_modules/latest-version/node_modules/package-json/node_modules/registry-url/node_modules
434 warn checkPermissions Missing write access to /usr/local/lib/node_modules/bower/node_modules/update-notifier/node_modules/latest-version/node_modules
435 warn checkPermissions Missing write access to /usr/local/lib/node_modules/bower/node_modules/update-notifier/node_modules/semver-diff/node_modules
436 warn checkPermissions Missing write access to /usr/local/lib/node_modules/bower/node_modules/update-notifier/node_modules/string-length/node_modules/strip-ansi/node_modules
437 warn checkPermissions Missing write access to /usr/local/lib/node_modules/bower/node_modules/update-notifier/node_modules/string-length/node_modules
438 warn checkPermissions Missing write access to /usr/local/lib/node_modules/bower/node_modules/which/node_modules/is-absolute/node_modules
439 warn checkPermissions Missing write access to /usr/local/lib/node_modules/bower/node_modules/which/node_modules
440 warn checkPermissions Missing write access to /usr/local/lib/node_modules
441 silly rollbackFailedOptional Starting
442 silly rollbackFailedOptional Finishing
443 silly runTopLevelLifecycles Starting
444 silly runTopLevelLifecycles Finishing
445 silly install printInstalled
446 verbose stack Error: EACCES: permission denied, access '/usr/local/lib/node_modules/bower/node_modules/abbrev'
446 verbose stack     at Error (native)
447 verbose cwd /home/joshy/workspace/iamjoshuamabina.github.io
448 error Linux 3.16.0-4-amd64
449 error argv "/usr/local/bin/node" "/usr/local/bin/npm" "install" "-g" "bower"
450 error node v5.0.0-pre
451 error npm  v3.3.5
452 error path /usr/local/lib/node_modules/bower/node_modules/abbrev
453 error code EACCES
454 error errno -13
455 error syscall access
456 error Error: EACCES: permission denied, access '/usr/local/lib/node_modules/bower/node_modules/abbrev'
456 error     at Error (native)
456 error  { [Error: EACCES: permission denied, access '/usr/local/lib/node_modules/bower/node_modules/abbrev']
456 error   errno: -13,
456 error   code: 'EACCES',
456 error   syscall: 'access',
456 error   path: '/usr/local/lib/node_modules/bower/node_modules/abbrev' }
457 error Please try running this command again as root/Administrator.
458 verbose exit [ -13, true ]
